<testsuites id="" name="" tests="40" failures="7" skipped="0" errors="0" time="135.72017200000002">
<testsuite name="config/testing-environment-validation.spec.ts" timestamp="2025-09-25T06:43:52.131Z" hostname="chromium" tests="6" failures="1" skipped="0" time="1.958" errors="0">
<testcase name="@smoke Testing Environment Validation › @smoke Should be running in Testing environment" classname="config/testing-environment-validation.spec.ts" time="0.689">
</testcase>
<testcase name="@smoke Testing Environment Validation › @smoke Should use SQLite database provider" classname="config/testing-environment-validation.spec.ts" time="0.366">
</testcase>
<testcase name="@smoke Testing Environment Validation › @smoke Should have testing-specific features enabled" classname="config/testing-environment-validation.spec.ts" time="0.143">
</testcase>
<testcase name="@smoke Testing Environment Validation › @smoke Should use unique database per test run" classname="config/testing-environment-validation.spec.ts" time="0.186">
<failure message="testing-environment-validation.spec.ts:44:7 @smoke Should use unique database per test run" type="FAILURE">
<![CDATA[  [chromium] › config/testing-environment-validation.spec.ts:44:7 › @smoke Testing Environment Validation › @smoke Should use unique database per test run 

    Error: expect(received).toBe(expected) // Object.is equality

    Expected: true
    Received: false

      53 |       data: testData
      54 |     });
    > 55 |     expect(createResponse.ok()).toBe(true);
         |                                 ^
      56 |
      57 |     const created = await createResponse.json();
      58 |     expect(created.id).toBeTruthy();
        at /home/runner/work/Crud/Crud/test/Tests.E2E.NG/tests/config/testing-environment-validation.spec.ts:55:33

    attachment #1: screenshot (image/png) ──────────────────────────────────────────────────────────
    ../test-results/artifacts/config-testing-environment-103f3-nique-database-per-test-run-chromium/test-failed-1.png
    ────────────────────────────────────────────────────────────────────────────────────────────────

    attachment #2: video (video/webm) ──────────────────────────────────────────────────────────────
    ../test-results/artifacts/config-testing-environment-103f3-nique-database-per-test-run-chromium/video.webm
    ────────────────────────────────────────────────────────────────────────────────────────────────

    attachment #3: trace (application/zip) ─────────────────────────────────────────────────────────
    ../test-results/artifacts/config-testing-environment-103f3-nique-database-per-test-run-chromium/trace.zip
    Usage:

        npx playwright show-trace ../test-results/artifacts/config-testing-environment-103f3-nique-database-per-test-run-chromium/trace.zip

    ────────────────────────────────────────────────────────────────────────────────────────────────
]]>
</failure>
<system-out>
<![CDATA[
[[ATTACHMENT|artifacts/config-testing-environment-103f3-nique-database-per-test-run-chromium/test-failed-1.png]]

[[ATTACHMENT|artifacts/config-testing-environment-103f3-nique-database-per-test-run-chromium/video.webm]]

[[ATTACHMENT|artifacts/config-testing-environment-103f3-nique-database-per-test-run-chromium/trace.zip]]
]]>
</system-out>
</testcase>
<testcase name="@smoke Testing Configuration Performance › @smoke Server startup should be optimized for Testing" classname="config/testing-environment-validation.spec.ts" time="0.211">
</testcase>
<testcase name="@smoke Testing Configuration Performance › @smoke Database operations should be fast" classname="config/testing-environment-validation.spec.ts" time="0.363">
</testcase>
</testsuite>
<testsuite name="minimal-e2e.spec.ts" timestamp="2025-09-25T06:43:52.131Z" hostname="chromium" tests="3" failures="0" skipped="0" time="2.005" errors="0">
<testcase name="Minimal E2E Tests › @smoke API server is running" classname="minimal-e2e.spec.ts" time="0.029">
<system-out>
<![CDATA[🧹 Pre-test cleanup for: @smoke API server is running
📡 Sending database reset request...
📡 Database reset response received in 15ms
✅ Database reset successful in 15ms
🔍 Testing API at: http://localhost:5172
🔍 Environment: CI=true, API_URL=http://localhost:5172
📊 Health check response: 200
]]>
</system-out>
</testcase>
<testcase name="Minimal E2E Tests › @smoke GET /api/people/{id} - should get a person" classname="minimal-e2e.spec.ts" time="1.221">
<system-out>
<![CDATA[🧹 Pre-test cleanup for: @smoke GET /api/people/{id} - should get a person
📡 Sending database reset request...
📡 Database reset response received in 11ms
✅ Database reset successful in 11ms
🔍 Person test - API URL: http://localhost:5172
📝 Creating person: {"fullName":"Emily Jay Smith","phone":"+1-555-3189"}
✅ Person created with ID: 9530b885-70c5-4b53-94c2-97a1dd790d07
📖 Getting person with ID: 9530b885-70c5-4b53-94c2-97a1dd790d07
✅ Retrieved person: {"id":"9530b885-70c5-4b53-94c2-97a1dd790d07","fullName":"Emily Jay Smith","phone":"+1-555-3189","roles":[],"rowVersion":""}
]]>
</system-out>
</testcase>
<testcase name="Minimal E2E Tests › @smoke GET /api/roles/{id} - should get a role" classname="minimal-e2e.spec.ts" time="0.755">
<system-out>
<![CDATA[🧹 Pre-test cleanup for: @smoke GET /api/roles/{id} - should get a role
📡 Sending database reset request...
📡 Database reset response received in 14ms
✅ Database reset successful in 14ms
🔍 Role test - API URL: http://localhost:5172
📝 Creating role: {"name":"W1_T638617_M8OJ_Role_szQe","description":"Worker0: Auto-generated test role - uHpfMs"}
✅ Role created with ID: 3b7fb358-a895-475c-b132-504df4df13fb
📖 Getting role with ID: 3b7fb358-a895-475c-b132-504df4df13fb
✅ Retrieved role: {"id":"3b7fb358-a895-475c-b132-504df4df13fb","name":"W1_T638617_M8OJ_Role_szQe","description":"Worker0: Auto-generated test role - uHpfMs"}
]]>
</system-out>
</testcase>
</testsuite>
<testsuite name="password-reset.spec.ts" timestamp="2025-09-25T06:43:52.131Z" hostname="chromium" tests="5" failures="0" skipped="0" time="3.633" errors="0">
<testcase name="Password Reset Flow @smoke › Complete password reset workflow" classname="password-reset.spec.ts" time="2.666">
</testcase>
<testcase name="Password Reset Flow @smoke › Forgot password with invalid email shows error @critical" classname="password-reset.spec.ts" time="0.805">
</testcase>
<testcase name="Password Reset Flow @smoke › Forgot password with non-existent email shows success (prevents enumeration) @critical" classname="password-reset.spec.ts" time="0.114">
</testcase>
<testcase name="Password Reset Flow @smoke › Reset password with weak password shows error @critical" classname="password-reset.spec.ts" time="0.017">
</testcase>
<testcase name="Password Reset Flow @smoke › Validate reset token endpoint works @smoke" classname="password-reset.spec.ts" time="0.031">
</testcase>
</testsuite>
<testsuite name="performance/e2e-performance-benchmarks.spec.ts" timestamp="2025-09-25T06:43:52.131Z" hostname="chromium" tests="2" failures="1" skipped="0" time="0.91" errors="0">
<testcase name="@smoke Performance Monitoring › @smoke Should track and log performance metrics" classname="performance/e2e-performance-benchmarks.spec.ts" time="0.698">
<failure message="e2e-performance-benchmarks.spec.ts:227:7 @smoke Should track and log performance metrics" type="FAILURE">
<![CDATA[  [chromium] › performance/e2e-performance-benchmarks.spec.ts:227:7 › @smoke Performance Monitoring › @smoke Should track and log performance metrics 

    Error: expect(received).toBeGreaterThan(expected)

    Expected: > 0
    Received:   0

      241 |
      242 |     // Basic sanity checks
    > 243 |     expect(metrics.domContentLoaded).toBeGreaterThan(0);
          |                                      ^
      244 |     expect(metrics.loadComplete).toBeGreaterThan(0);
      245 |   });
      246 |
        at /home/runner/work/Crud/Crud/test/Tests.E2E.NG/tests/performance/e2e-performance-benchmarks.spec.ts:243:38

    attachment #1: screenshot (image/png) ──────────────────────────────────────────────────────────
    ../test-results/artifacts/performance-e2e-performanc-d41fa-and-log-performance-metrics-chromium/test-failed-1.png
    ────────────────────────────────────────────────────────────────────────────────────────────────

    attachment #2: video (video/webm) ──────────────────────────────────────────────────────────────
    ../test-results/artifacts/performance-e2e-performanc-d41fa-and-log-performance-metrics-chromium/video.webm
    ────────────────────────────────────────────────────────────────────────────────────────────────

    Error Context: ../test-results/artifacts/performance-e2e-performanc-d41fa-and-log-performance-metrics-chromium/error-context.md

    attachment #4: trace (application/zip) ─────────────────────────────────────────────────────────
    ../test-results/artifacts/performance-e2e-performanc-d41fa-and-log-performance-metrics-chromium/trace.zip
    Usage:

        npx playwright show-trace ../test-results/artifacts/performance-e2e-performanc-d41fa-and-log-performance-metrics-chromium/trace.zip

    ────────────────────────────────────────────────────────────────────────────────────────────────
]]>
</failure>
<system-out>
<![CDATA[Performance Metrics Snapshot: {
  timestamp: [32m'2025-09-25T06:44:03.703Z'[39m,
  environment: [32m'Testing'[39m,
  metrics: {
    domContentLoaded: [33m0[39m,
    loadComplete: [33m0[39m,
    firstPaint: [33m36[39m,
    firstContentfulPaint: [33m292[39m
  },
  userAgent: [32m'Mozilla/5.0 (Windows NT 10.0; Win64; x64) AppleWebKit/537.36 (KHTML, like Gecko) Chrome/140.0.7339.16 Safari/537.36'[39m
}

[[ATTACHMENT|artifacts/performance-e2e-performanc-d41fa-and-log-performance-metrics-chromium/test-failed-1.png]]

[[ATTACHMENT|artifacts/performance-e2e-performanc-d41fa-and-log-performance-metrics-chromium/video.webm]]

[[ATTACHMENT|artifacts/performance-e2e-performanc-d41fa-and-log-performance-metrics-chromium/error-context.md]]

[[ATTACHMENT|artifacts/performance-e2e-performanc-d41fa-and-log-performance-metrics-chromium/trace.zip]]
]]>
</system-out>
</testcase>
<testcase name="@smoke Performance Monitoring › @smoke Should detect slow operations" classname="performance/e2e-performance-benchmarks.spec.ts" time="0.212">
</testcase>
</testsuite>
<testsuite name="reliability/reliability-scenarios.spec.ts" timestamp="2025-09-25T06:43:52.131Z" hostname="chromium" tests="3" failures="1" skipped="0" time="44.326" errors="0">
<testcase name="@smoke Reliability - Baseline Validation › @smoke Reliable application startup detection" classname="reliability/reliability-scenarios.spec.ts" time="0.632">
</testcase>
<testcase name="@smoke Reliability - Baseline Validation › @smoke Reliable API connectivity check" classname="reliability/reliability-scenarios.spec.ts" time="0.153">
</testcase>
<testcase name="@smoke Reliability - Baseline Validation › @smoke Reliable element interaction verification" classname="reliability/reliability-scenarios.spec.ts" time="43.541">
<failure message="reliability-scenarios.spec.ts:319:7 @smoke Reliable element interaction verification" type="FAILURE">
<![CDATA[  [chromium] › reliability/reliability-scenarios.spec.ts:319:7 › @smoke Reliability - Baseline Validation › @smoke Reliable element interaction verification 

    Error: Operation interactWithElementInContext(a[routerLink="/people-list"], click) failed after 4 attempts. Last error: locator.waitFor: Timeout 10000ms exceeded.
    Call log:
      - waiting for locator('a[routerLink="/people-list"]') to be visible


       at helpers/reliability-helpers.ts:376

      374 |     }
      375 |
    > 376 |     throw new Error(`Operation ${operationName} failed after ${maxRetries + 1} attempts. Last error: ${lastError.message}`);
          |           ^
      377 |   }
      378 |
      379 |   /**
        at ReliabilityHelpers.retryOperation (/home/runner/work/Crud/Crud/test/Tests.E2E.NG/tests/helpers/reliability-helpers.ts:376:11)
        at ReliabilityHelpers.interactWithElementInContext (/home/runner/work/Crud/Crud/test/Tests.E2E.NG/tests/helpers/reliability-helpers.ts:211:5)
        at /home/runner/work/Crud/Crud/test/Tests.E2E.NG/tests/reliability/reliability-scenarios.spec.ts:330:7

    attachment #1: screenshot (image/png) ──────────────────────────────────────────────────────────
    ../test-results/artifacts/reliability-reliability-sc-d74d0-nt-interaction-verification-chromium/test-failed-1.png
    ────────────────────────────────────────────────────────────────────────────────────────────────

    attachment #2: video (video/webm) ──────────────────────────────────────────────────────────────
    ../test-results/artifacts/reliability-reliability-sc-d74d0-nt-interaction-verification-chromium/video.webm
    ────────────────────────────────────────────────────────────────────────────────────────────────

    Error Context: ../test-results/artifacts/reliability-reliability-sc-d74d0-nt-interaction-verification-chromium/error-context.md

    attachment #4: trace (application/zip) ─────────────────────────────────────────────────────────
    ../test-results/artifacts/reliability-reliability-sc-d74d0-nt-interaction-verification-chromium/trace.zip
    Usage:

        npx playwright show-trace ../test-results/artifacts/reliability-reliability-sc-d74d0-nt-interaction-verification-chromium/trace.zip

    ────────────────────────────────────────────────────────────────────────────────────────────────
]]>
</failure>
<system-out>
<![CDATA[Retry 1/3 for interactWithElementInContext(a[routerLink="/people-list"], click) after 100ms delay
Retry 2/3 for interactWithElementInContext(a[routerLink="/people-list"], click) after 200ms delay
Retry 3/3 for interactWithElementInContext(a[routerLink="/people-list"], click) after 400ms delay

[[ATTACHMENT|artifacts/reliability-reliability-sc-d74d0-nt-interaction-verification-chromium/test-failed-1.png]]

[[ATTACHMENT|artifacts/reliability-reliability-sc-d74d0-nt-interaction-verification-chromium/video.webm]]

[[ATTACHMENT|artifacts/reliability-reliability-sc-d74d0-nt-interaction-verification-chromium/error-context.md]]

[[ATTACHMENT|artifacts/reliability-reliability-sc-d74d0-nt-interaction-verification-chromium/trace.zip]]
]]>
</system-out>
</testcase>
</testsuite>
<testsuite name="serial-example.spec.ts" timestamp="2025-09-25T06:43:52.131Z" hostname="chromium" tests="2" failures="2" skipped="0" time="22.657" errors="0">
<testcase name="People Management - Serial Tests › should load the people list page @smoke" classname="serial-example.spec.ts" time="11.36">
<failure message="serial-example.spec.ts:18:7 should load the people list page @smoke" type="FAILURE">
<![CDATA[  [chromium] › serial-example.spec.ts:18:7 › People Management - Serial Tests › should load the people list page @smoke 

    TimeoutError: locator.click: Timeout 10000ms exceeded.
    Call log:
      - waiting for locator('a[routerLink="/people-list"]')


      22 |     // Click People link
      23 |     const peopleLink = page.locator('a[routerLink="/people-list"]');
    > 24 |     await peopleLink.click();
         |                      ^
      25 |     await page.waitForSelector('app-people-list', { timeout: 5000 });
      26 |     
      27 |     await expect(page.locator('h3')).toContainText(/People Directory/i);
        at /home/runner/work/Crud/Crud/test/Tests.E2E.NG/tests/serial-example.spec.ts:24:22

    attachment #1: screenshot (image/png) ──────────────────────────────────────────────────────────
    ../test-results/artifacts/serial-example-People-Mana-44ee0--the-people-list-page-smoke-chromium/test-failed-1.png
    ────────────────────────────────────────────────────────────────────────────────────────────────

    attachment #2: video (video/webm) ──────────────────────────────────────────────────────────────
    ../test-results/artifacts/serial-example-People-Mana-44ee0--the-people-list-page-smoke-chromium/video.webm
    ────────────────────────────────────────────────────────────────────────────────────────────────

    Error Context: ../test-results/artifacts/serial-example-People-Mana-44ee0--the-people-list-page-smoke-chromium/error-context.md

    attachment #4: trace (application/zip) ─────────────────────────────────────────────────────────
    ../test-results/artifacts/serial-example-People-Mana-44ee0--the-people-list-page-smoke-chromium/trace.zip
    Usage:

        npx playwright show-trace ../test-results/artifacts/serial-example-People-Mana-44ee0--the-people-list-page-smoke-chromium/trace.zip

    ────────────────────────────────────────────────────────────────────────────────────────────────
]]>
</failure>
<system-out>
<![CDATA[📍 Running tests against API: http://localhost:5172

[[ATTACHMENT|artifacts/serial-example-People-Mana-44ee0--the-people-list-page-smoke-chromium/test-failed-1.png]]

[[ATTACHMENT|artifacts/serial-example-People-Mana-44ee0--the-people-list-page-smoke-chromium/video.webm]]

[[ATTACHMENT|artifacts/serial-example-People-Mana-44ee0--the-people-list-page-smoke-chromium/error-context.md]]

[[ATTACHMENT|artifacts/serial-example-People-Mana-44ee0--the-people-list-page-smoke-chromium/trace.zip]]
]]>
</system-out>
</testcase>
<testcase name="People Management - Serial Tests › should display the add person button @smoke" classname="serial-example.spec.ts" time="11.297">
<failure message="serial-example.spec.ts:30:7 should display the add person button @smoke" type="FAILURE">
<![CDATA[  [chromium] › serial-example.spec.ts:30:7 › People Management - Serial Tests › should display the add person button @smoke 

    TimeoutError: locator.click: Timeout 10000ms exceeded.
    Call log:
      - waiting for locator('a[routerLink="/people-list"]')


      34 |     // Click People link
      35 |     const peopleLink = page.locator('a[routerLink="/people-list"]');
    > 36 |     await peopleLink.click();
         |                      ^
      37 |     await page.waitForSelector('app-people-list', { timeout: 5000 });
      38 |     
      39 |     const addButton = page.locator('button:has-text("Add New Person")');
        at /home/runner/work/Crud/Crud/test/Tests.E2E.NG/tests/serial-example.spec.ts:36:22

    attachment #1: screenshot (image/png) ──────────────────────────────────────────────────────────
    ../test-results/artifacts/serial-example-People-Mana-4e745-the-add-person-button-smoke-chromium/test-failed-1.png
    ────────────────────────────────────────────────────────────────────────────────────────────────

    attachment #2: video (video/webm) ──────────────────────────────────────────────────────────────
    ../test-results/artifacts/serial-example-People-Mana-4e745-the-add-person-button-smoke-chromium/video.webm
    ────────────────────────────────────────────────────────────────────────────────────────────────

    Error Context: ../test-results/artifacts/serial-example-People-Mana-4e745-the-add-person-button-smoke-chromium/error-context.md

    attachment #4: trace (application/zip) ─────────────────────────────────────────────────────────
    ../test-results/artifacts/serial-example-People-Mana-4e745-the-add-person-button-smoke-chromium/trace.zip
    Usage:

        npx playwright show-trace ../test-results/artifacts/serial-example-People-Mana-4e745-the-add-person-button-smoke-chromium/trace.zip

    ────────────────────────────────────────────────────────────────────────────────────────────────
]]>
</failure>
<system-out>
<![CDATA[📍 Running tests against API: http://localhost:5172

[[ATTACHMENT|artifacts/serial-example-People-Mana-4e745-the-add-person-button-smoke-chromium/test-failed-1.png]]

[[ATTACHMENT|artifacts/serial-example-People-Mana-4e745-the-add-person-button-smoke-chromium/video.webm]]

[[ATTACHMENT|artifacts/serial-example-People-Mana-4e745-the-add-person-button-smoke-chromium/error-context.md]]

[[ATTACHMENT|artifacts/serial-example-People-Mana-4e745-the-add-person-button-smoke-chromium/trace.zip]]
]]>
</system-out>
</testcase>
</testsuite>
<testsuite name="setup/server-management.spec.ts" timestamp="2025-09-25T06:43:52.131Z" hostname="chromium" tests="6" failures="0" skipped="0" time="1.453" errors="0">
<testcase name="should start API server with simple spawn @smoke" classname="setup/server-management.spec.ts" time="0.011">
</testcase>
<testcase name="should wait for server readiness with event-driven polling @smoke" classname="setup/server-management.spec.ts" time="1.426">
</testcase>
<testcase name="should handle server startup errors gracefully @smoke" classname="setup/server-management.spec.ts" time="0.004">
</testcase>
<testcase name="should clean up database files after tests @smoke" classname="setup/server-management.spec.ts" time="0.003">
</testcase>
<testcase name="should kill processes cleanly on teardown @smoke" classname="setup/server-management.spec.ts" time="0.006">
</testcase>
<testcase name="should set environment variables correctly for tests @smoke" classname="setup/server-management.spec.ts" time="0.003">
</testcase>
</testsuite>
<testsuite name="smoke.spec.ts" timestamp="2025-09-25T06:43:52.131Z" hostname="chromium" tests="11" failures="1" skipped="0" time="17.716" errors="0">
<testcase name="@smoke Application Health Checks › @smoke API server is running" classname="smoke.spec.ts" time="0.137">
</testcase>
<testcase name="@smoke Application Health Checks › @smoke Angular application loads" classname="smoke.spec.ts" time="0.745">
</testcase>
<testcase name="@smoke Application Health Checks › @smoke Navigation menu is visible" classname="smoke.spec.ts" time="11.324">
<failure message="smoke.spec.ts:32:7 @smoke Navigation menu is visible" type="FAILURE">
<![CDATA[  [chromium] › smoke.spec.ts:32:7 › @smoke Application Health Checks › @smoke Navigation menu is visible 

    Error: expect(locator).toBeVisible() failed

    Locator:  locator('a[routerLink="/people-list"]')
    Expected: visible
    Received: <element(s) not found>
    Timeout:  10000ms

    Call log:
      - Expect "toBeVisible" with timeout 10000ms
      - waiting for locator('a[routerLink="/people-list"]')


      40 |     const rolesLink = page.locator('a[routerLink="/roles-list"]');
      41 |
    > 42 |     await expect(peopleLink).toBeVisible();
         |                              ^
      43 |     await expect(rolesLink).toBeVisible();
      44 |   });
      45 | });
        at /home/runner/work/Crud/Crud/test/Tests.E2E.NG/tests/smoke.spec.ts:42:30

    attachment #1: screenshot (image/png) ──────────────────────────────────────────────────────────
    ../test-results/artifacts/smoke--smoke-Application-H-30f0d--Navigation-menu-is-visible-chromium/test-failed-1.png
    ────────────────────────────────────────────────────────────────────────────────────────────────

    attachment #2: video (video/webm) ──────────────────────────────────────────────────────────────
    ../test-results/artifacts/smoke--smoke-Application-H-30f0d--Navigation-menu-is-visible-chromium/video.webm
    ────────────────────────────────────────────────────────────────────────────────────────────────

    Error Context: ../test-results/artifacts/smoke--smoke-Application-H-30f0d--Navigation-menu-is-visible-chromium/error-context.md

    attachment #4: trace (application/zip) ─────────────────────────────────────────────────────────
    ../test-results/artifacts/smoke--smoke-Application-H-30f0d--Navigation-menu-is-visible-chromium/trace.zip
    Usage:

        npx playwright show-trace ../test-results/artifacts/smoke--smoke-Application-H-30f0d--Navigation-menu-is-visible-chromium/trace.zip

    ────────────────────────────────────────────────────────────────────────────────────────────────
]]>
</failure>
<system-out>
<![CDATA[
[[ATTACHMENT|artifacts/smoke--smoke-Application-H-30f0d--Navigation-menu-is-visible-chromium/test-failed-1.png]]

[[ATTACHMENT|artifacts/smoke--smoke-Application-H-30f0d--Navigation-menu-is-visible-chromium/video.webm]]

[[ATTACHMENT|artifacts/smoke--smoke-Application-H-30f0d--Navigation-menu-is-visible-chromium/error-context.md]]

[[ATTACHMENT|artifacts/smoke--smoke-Application-H-30f0d--Navigation-menu-is-visible-chromium/trace.zip]]
]]>
</system-out>
</testcase>
<testcase name="@smoke People Module › @smoke Can navigate to people list" classname="smoke.spec.ts" time="1.286">
</testcase>
<testcase name="@smoke People Module › @smoke People API endpoint responds" classname="smoke.spec.ts" time="0.126">
</testcase>
<testcase name="@smoke People Module › @smoke Can open add person form" classname="smoke.spec.ts" time="2.396">
</testcase>
<testcase name="@smoke Roles Module › @smoke Can navigate to roles list" classname="smoke.spec.ts" time="1.176">
</testcase>
<testcase name="@smoke Roles Module › @smoke Roles API endpoint responds" classname="smoke.spec.ts" time="0.129">
</testcase>
<testcase name="@smoke Database Operations › @smoke Can perform CRUD cycle" classname="smoke.spec.ts" time="0.164">
</testcase>
<testcase name="@smoke Error Handling › @smoke API returns 404 for non-existent resource" classname="smoke.spec.ts" time="0.113">
</testcase>
<testcase name="@smoke Error Handling › @smoke API validates required fields" classname="smoke.spec.ts" time="0.12">
</testcase>
</testsuite>
<testsuite name="test-basic.spec.ts" timestamp="2025-09-25T06:43:52.131Z" hostname="chromium" tests="1" failures="0" skipped="0" time="0.243" errors="0">
<testcase name="@smoke basic test" classname="test-basic.spec.ts" time="0.243">
</testcase>
</testsuite>
<testsuite name="verification/suite-coverage-verification.spec.ts" timestamp="2025-09-25T06:43:52.131Z" hostname="chromium" tests="1" failures="1" skipped="0" time="11.255" errors="0">
<testcase name="@critical Test Suite Coverage Verification › @smoke Should have reliable test execution patterns" classname="verification/suite-coverage-verification.spec.ts" time="11.255">
<failure message="suite-coverage-verification.spec.ts:251:7 @smoke Should have reliable test execution patterns" type="FAILURE">
<![CDATA[  [chromium] › verification/suite-coverage-verification.spec.ts:251:7 › @critical Test Suite Coverage Verification › @smoke Should have reliable test execution patterns 

    TimeoutError: locator.click: Timeout 10000ms exceeded.
    Call log:
      - waiting for locator('a[routerLink="/people-list"]')


      268 |     // Test 2: Event-driven patterns (using waitFor instead of sleep)
      269 |     const peopleLink = page.locator('a[routerLink="/people-list"]');
    > 270 |     await peopleLink.click();
          |                      ^
      271 |     await page.locator('router-outlet, app-people, main, .content').waitFor({ state: 'visible', timeout: 5000 });
      272 |     reliabilityChecklist.eventDrivenPatterns = true;
      273 |
        at /home/runner/work/Crud/Crud/test/Tests.E2E.NG/tests/verification/suite-coverage-verification.spec.ts:270:22

    attachment #1: screenshot (image/png) ──────────────────────────────────────────────────────────
    ../test-results/artifacts/verification-suite-coverag-9de1b-ble-test-execution-patterns-chromium/test-failed-1.png
    ────────────────────────────────────────────────────────────────────────────────────────────────

    attachment #2: video (video/webm) ──────────────────────────────────────────────────────────────
    ../test-results/artifacts/verification-suite-coverag-9de1b-ble-test-execution-patterns-chromium/video.webm
    ────────────────────────────────────────────────────────────────────────────────────────────────

    Error Context: ../test-results/artifacts/verification-suite-coverag-9de1b-ble-test-execution-patterns-chromium/error-context.md

    attachment #4: trace (application/zip) ─────────────────────────────────────────────────────────
    ../test-results/artifacts/verification-suite-coverag-9de1b-ble-test-execution-patterns-chromium/trace.zip
    Usage:

        npx playwright show-trace ../test-results/artifacts/verification-suite-coverag-9de1b-ble-test-execution-patterns-chromium/trace.zip

    ────────────────────────────────────────────────────────────────────────────────────────────────
]]>
</failure>
<system-out>
<![CDATA[
[[ATTACHMENT|artifacts/verification-suite-coverag-9de1b-ble-test-execution-patterns-chromium/test-failed-1.png]]

[[ATTACHMENT|artifacts/verification-suite-coverag-9de1b-ble-test-execution-patterns-chromium/video.webm]]

[[ATTACHMENT|artifacts/verification-suite-coverag-9de1b-ble-test-execution-patterns-chromium/error-context.md]]

[[ATTACHMENT|artifacts/verification-suite-coverag-9de1b-ble-test-execution-patterns-chromium/trace.zip]]
]]>
</system-out>
</testcase>
</testsuite>
</testsuites>